{"/Users/liruijia/Desktop/didi-work/tenon-tool-vue/src/index.ts": {"path":"/Users/liruijia/Desktop/didi-work/tenon-tool-vue/src/index.ts","statementMap":{"0":{"start":{"line":1,"column":0},"end":{"line":1,"column":41}},"1":{"start":{"line":3,"column":0},"end":{"line":3,"column":43}},"2":{"start":{"line":4,"column":0},"end":{"line":4,"column":43}},"3":{"start":{"line":5,"column":0},"end":{"line":5,"column":47}},"4":{"start":{"line":10,"column":19},"end":{"line":10,"column":46}},"5":{"start":{"line":12,"column":15},"end":{"line":12,"column":54}},"6":{"start":{"line":14,"column":14},"end":{"line":14,"column":53}},"7":{"start":{"line":16,"column":17},"end":{"line":16,"column":60}},"8":{"start":{"line":17,"column":2},"end":{"line":17,"column":null}},"9":{"start":{"line":19,"column":9},"end":{"line":19,"column":19}},"10":{"start":{"line":29,"column":36},"end":{"line":29,"column":57}},"11":{"start":{"line":30,"column":2},"end":{"line":30,"column":null}},"12":{"start":{"line":31,"column":2},"end":{"line":31,"column":null}},"13":{"start":{"line":28,"column":0},"end":{"line":28,"column":24}},"14":{"start":{"line":34,"column":0},"end":{"line":59,"column":null}}},"fnMap":{"0":{"name":"vueToTenon","decl":{"start":{"line":8,"column":9},"end":{"line":8,"column":19}},"loc":{"start":{"line":8,"column":37},"end":{"line":18,"column":1}}},"1":{"name":"tenonProgram","decl":{"start":{"line":28,"column":24},"end":{"line":28,"column":36}},"loc":{"start":{"line":28,"column":54},"end":{"line":32,"column":1}}}},"branchMap":{},"s":{"0":1,"1":1,"2":1,"3":1,"4":2,"5":2,"6":2,"7":2,"8":2,"9":1,"10":1,"11":1,"12":1,"13":1,"14":1},"f":{"0":2,"1":1},"b":{}}
,"/Users/liruijia/Desktop/didi-work/tenon-tool-vue/src/script/index.ts": {"path":"/Users/liruijia/Desktop/didi-work/tenon-tool-vue/src/script/index.ts","statementMap":{"0":{"start":{"line":3,"column":2},"end":{"line":5,"column":null}},"1":{"start":{"line":4,"column":4},"end":{"line":4,"column":null}},"2":{"start":{"line":6,"column":21},"end":{"line":6,"column":23}},"3":{"start":{"line":7,"column":2},"end":{"line":7,"column":null}},"4":{"start":{"line":8,"column":2},"end":{"line":8,"column":null}},"5":{"start":{"line":10,"column":0},"end":{"line":10,"column":null}}},"fnMap":{"0":{"name":"tenonScriptTransform","decl":{"start":{"line":2,"column":9},"end":{"line":2,"column":29}},"loc":{"start":{"line":2,"column":59},"end":{"line":9,"column":1}}}},"branchMap":{"0":{"loc":{"start":{"line":3,"column":2},"end":{"line":5,"column":null}},"type":"if","locations":[{"start":{"line":3,"column":2},"end":{"line":5,"column":null}},{"start":{"line":3,"column":2},"end":{"line":5,"column":null}}]},"1":{"loc":{"start":{"line":7,"column":38},"end":{"line":7,"column":40}},"type":"cond-expr","locations":[{"start":{"line":7,"column":38},"end":{"line":7,"column":40}},{"start":{"line":7,"column":32},"end":{"line":7,"column":47}}]},"2":{"loc":{"start":{"line":7,"column":32},"end":{"line":7,"column":40}},"type":"binary-expr","locations":[{"start":{"line":7,"column":32},"end":{"line":7,"column":40}},{"start":{"line":7,"column":32},"end":{"line":7,"column":40}}]}},"s":{"0":2,"1":0,"2":2,"3":2,"4":2,"5":1},"f":{"0":2},"b":{"0":[0,2],"1":[0,2],"2":[2,2]}}
,"/Users/liruijia/Desktop/didi-work/tenon-tool-vue/src/styles/index.ts": {"path":"/Users/liruijia/Desktop/didi-work/tenon-tool-vue/src/styles/index.ts","statementMap":{"0":{"start":{"line":4,"column":20},"end":{"line":4,"column":22}},"1":{"start":{"line":5,"column":14},"end":{"line":5,"column":16}},"2":{"start":{"line":6,"column":2},"end":{"line":12,"column":null}},"3":{"start":{"line":7,"column":4},"end":{"line":7,"column":null}},"4":{"start":{"line":8,"column":4},"end":{"line":8,"column":null}},"5":{"start":{"line":9,"column":4},"end":{"line":11,"column":null}},"6":{"start":{"line":10,"column":6},"end":{"line":10,"column":null}},"7":{"start":{"line":13,"column":2},"end":{"line":13,"column":null}},"8":{"start":{"line":14,"column":2},"end":{"line":14,"column":null}},"9":{"start":{"line":16,"column":0},"end":{"line":16,"column":null}}},"fnMap":{"0":{"name":"tenonStylesTransform","decl":{"start":{"line":3,"column":9},"end":{"line":3,"column":29}},"loc":{"start":{"line":3,"column":53},"end":{"line":15,"column":1}}},"1":{"name":"(anonymous_1)","decl":{"start":{"line":6,"column":17},"end":{"line":6,"column":18}},"loc":{"start":{"line":6,"column":26},"end":{"line":12,"column":3}}},"2":{"name":"(anonymous_2)","decl":{"start":{"line":9,"column":36},"end":{"line":9,"column":37}},"loc":{"start":{"line":9,"column":45},"end":{"line":11,"column":5}}}},"branchMap":{},"s":{"0":2,"1":2,"2":2,"3":2,"4":2,"5":2,"6":3,"7":2,"8":2,"9":1},"f":{"0":2,"1":2,"2":3},"b":{}}
,"/Users/liruijia/Desktop/didi-work/tenon-tool-vue/src/template/generate.ts": {"path":"/Users/liruijia/Desktop/didi-work/tenon-tool-vue/src/template/generate.ts","statementMap":{"0":{"start":{"line":11,"column":12},"end":{"line":11,"column":14}},"1":{"start":{"line":12,"column":2},"end":{"line":39,"column":null}},"2":{"start":{"line":12,"column":15},"end":{"line":12,"column":16}},"3":{"start":{"line":13,"column":15},"end":{"line":13,"column":23}},"4":{"start":{"line":15,"column":4},"end":{"line":38,"column":null}},"5":{"start":{"line":16,"column":6},"end":{"line":23,"column":null}},"6":{"start":{"line":18,"column":10},"end":{"line":18,"column":null}},"7":{"start":{"line":19,"column":10},"end":{"line":19,"column":15}},"8":{"start":{"line":21,"column":10},"end":{"line":21,"column":null}},"9":{"start":{"line":22,"column":10},"end":{"line":22,"column":15}},"10":{"start":{"line":24,"column":11},"end":{"line":38,"column":null}},"11":{"start":{"line":25,"column":6},"end":{"line":37,"column":null}},"12":{"start":{"line":27,"column":32},"end":{"line":27,"column":56}},"13":{"start":{"line":28,"column":10},"end":{"line":30,"column":null}},"14":{"start":{"line":31,"column":10},"end":{"line":31,"column":15}},"15":{"start":{"line":33,"column":10},"end":{"line":33,"column":null}},"16":{"start":{"line":34,"column":10},"end":{"line":34,"column":15}},"17":{"start":{"line":36,"column":10},"end":{"line":36,"column":null}},"18":{"start":{"line":40,"column":2},"end":{"line":40,"column":null}},"19":{"start":{"line":50,"column":2},"end":{"line":61,"column":null}},"20":{"start":{"line":52,"column":4},"end":{"line":52,"column":null}},"21":{"start":{"line":53,"column":9},"end":{"line":61,"column":null}},"22":{"start":{"line":55,"column":4},"end":{"line":55,"column":null}},"23":{"start":{"line":56,"column":9},"end":{"line":61,"column":null}},"24":{"start":{"line":57,"column":4},"end":{"line":57,"column":null}},"25":{"start":{"line":59,"column":15},"end":{"line":59,"column":27}},"26":{"start":{"line":60,"column":4},"end":{"line":60,"column":null}},"27":{"start":{"line":66,"column":17},"end":{"line":66,"column":28}},"28":{"start":{"line":67,"column":2},"end":{"line":72,"column":null}},"29":{"start":{"line":68,"column":15},"end":{"line":68,"column":69}},"30":{"start":{"line":68,"column":51},"end":{"line":68,"column":57}},"31":{"start":{"line":69,"column":4},"end":{"line":69,"column":null}},"32":{"start":{"line":71,"column":4},"end":{"line":71,"column":null}},"33":{"start":{"line":76,"column":17},"end":{"line":76,"column":32}},"34":{"start":{"line":77,"column":13},"end":{"line":77,"column":15}},"35":{"start":{"line":78,"column":2},"end":{"line":80,"column":null}},"36":{"start":{"line":81,"column":2},"end":{"line":81,"column":null}},"37":{"start":{"line":85,"column":16},"end":{"line":85,"column":36}},"38":{"start":{"line":86,"column":2},"end":{"line":86,"column":null}},"39":{"start":{"line":89,"column":0},"end":{"line":89,"column":null}}},"fnMap":{"0":{"name":"genProps","decl":{"start":{"line":9,"column":9},"end":{"line":9,"column":17}},"loc":{"start":{"line":9,"column":30},"end":{"line":41,"column":1}}},"1":{"name":"gen","decl":{"start":{"line":49,"column":9},"end":{"line":49,"column":12}},"loc":{"start":{"line":49,"column":22},"end":{"line":62,"column":1}}},"2":{"name":"genChildren","decl":{"start":{"line":65,"column":9},"end":{"line":65,"column":20}},"loc":{"start":{"line":65,"column":28},"end":{"line":73,"column":1}}},"3":{"name":"(anonymous_3)","decl":{"start":{"line":68,"column":31},"end":{"line":68,"column":32}},"loc":{"start":{"line":68,"column":51},"end":{"line":68,"column":57}}},"4":{"name":"generate","decl":{"start":{"line":75,"column":9},"end":{"line":75,"column":17}},"loc":{"start":{"line":75,"column":25},"end":{"line":82,"column":1}}},"5":{"name":"genereateInterpolation","decl":{"start":{"line":84,"column":9},"end":{"line":84,"column":31}},"loc":{"start":{"line":84,"column":41},"end":{"line":87,"column":1}}}},"branchMap":{"0":{"loc":{"start":{"line":15,"column":4},"end":{"line":38,"column":null}},"type":"if","locations":[{"start":{"line":15,"column":4},"end":{"line":38,"column":null}},{"start":{"line":15,"column":4},"end":{"line":38,"column":null}}]},"1":{"loc":{"start":{"line":17,"column":8},"end":{"line":19,"column":15}},"type":"switch","locations":[{"start":{"line":17,"column":8},"end":{"line":19,"column":15}},{"start":{"line":20,"column":8},"end":{"line":22,"column":15}}]},"2":{"loc":{"start":{"line":18,"column":44},"end":{"line":18,"column":46}},"type":"cond-expr","locations":[{"start":{"line":18,"column":44},"end":{"line":18,"column":46}},{"start":{"line":18,"column":44},"end":{"line":18,"column":53}}]},"3":{"loc":{"start":{"line":18,"column":34},"end":{"line":18,"column":46}},"type":"binary-expr","locations":[{"start":{"line":18,"column":34},"end":{"line":18,"column":46}},{"start":{"line":18,"column":44},"end":{"line":18,"column":46}}]},"4":{"loc":{"start":{"line":21,"column":44},"end":{"line":21,"column":46}},"type":"cond-expr","locations":[{"start":{"line":21,"column":44},"end":{"line":21,"column":46}},{"start":{"line":21,"column":44},"end":{"line":21,"column":53}}]},"5":{"loc":{"start":{"line":21,"column":34},"end":{"line":21,"column":46}},"type":"binary-expr","locations":[{"start":{"line":21,"column":34},"end":{"line":21,"column":46}},{"start":{"line":21,"column":44},"end":{"line":21,"column":46}}]},"6":{"loc":{"start":{"line":24,"column":11},"end":{"line":38,"column":null}},"type":"if","locations":[{"start":{"line":24,"column":11},"end":{"line":38,"column":null}},{"start":{"line":24,"column":11},"end":{"line":38,"column":null}}]},"7":{"loc":{"start":{"line":26,"column":8},"end":{"line":31,"column":15}},"type":"switch","locations":[{"start":{"line":26,"column":8},"end":{"line":31,"column":15}},{"start":{"line":32,"column":8},"end":{"line":34,"column":15}},{"start":{"line":35,"column":8},"end":{"line":36,"column":null}}]},"8":{"loc":{"start":{"line":28,"column":33},"end":{"line":28,"column":35}},"type":"cond-expr","locations":[{"start":{"line":28,"column":33},"end":{"line":28,"column":35}},{"start":{"line":28,"column":33},"end":{"line":28,"column":42}}]},"9":{"loc":{"start":{"line":28,"column":25},"end":{"line":28,"column":35}},"type":"binary-expr","locations":[{"start":{"line":28,"column":25},"end":{"line":28,"column":35}},{"start":{"line":28,"column":33},"end":{"line":28,"column":35}}]},"10":{"loc":{"start":{"line":29,"column":30},"end":{"line":29,"column":51}},"type":"cond-expr","locations":[{"start":{"line":29,"column":30},"end":{"line":29,"column":51}},{"start":{"line":29,"column":54},"end":{"line":29,"column":null}}]},"11":{"loc":{"start":{"line":30,"column":23},"end":{"line":30,"column":25}},"type":"cond-expr","locations":[{"start":{"line":30,"column":23},"end":{"line":30,"column":25}},{"start":{"line":30,"column":23},"end":{"line":30,"column":32}}]},"12":{"loc":{"start":{"line":30,"column":15},"end":{"line":30,"column":25}},"type":"binary-expr","locations":[{"start":{"line":30,"column":15},"end":{"line":30,"column":25}},{"start":{"line":30,"column":23},"end":{"line":30,"column":25}}]},"13":{"loc":{"start":{"line":33,"column":29},"end":{"line":33,"column":31}},"type":"cond-expr","locations":[{"start":{"line":33,"column":29},"end":{"line":33,"column":31}},{"start":{"line":33,"column":29},"end":{"line":33,"column":38}}]},"14":{"loc":{"start":{"line":33,"column":21},"end":{"line":33,"column":31}},"type":"binary-expr","locations":[{"start":{"line":33,"column":21},"end":{"line":33,"column":31}},{"start":{"line":33,"column":29},"end":{"line":33,"column":31}}]},"15":{"loc":{"start":{"line":33,"column":51},"end":{"line":33,"column":53}},"type":"cond-expr","locations":[{"start":{"line":33,"column":51},"end":{"line":33,"column":53}},{"start":{"line":33,"column":51},"end":{"line":33,"column":60}}]},"16":{"loc":{"start":{"line":33,"column":43},"end":{"line":33,"column":53}},"type":"binary-expr","locations":[{"start":{"line":33,"column":43},"end":{"line":33,"column":53}},{"start":{"line":33,"column":51},"end":{"line":33,"column":53}}]},"17":{"loc":{"start":{"line":36,"column":44},"end":{"line":36,"column":46}},"type":"cond-expr","locations":[{"start":{"line":36,"column":44},"end":{"line":36,"column":46}},{"start":{"line":36,"column":44},"end":{"line":36,"column":53}}]},"18":{"loc":{"start":{"line":36,"column":36},"end":{"line":36,"column":46}},"type":"binary-expr","locations":[{"start":{"line":36,"column":36},"end":{"line":36,"column":46}},{"start":{"line":36,"column":44},"end":{"line":36,"column":46}}]},"19":{"loc":{"start":{"line":50,"column":2},"end":{"line":61,"column":null}},"type":"if","locations":[{"start":{"line":50,"column":2},"end":{"line":61,"column":null}},{"start":{"line":50,"column":2},"end":{"line":61,"column":null}}]},"20":{"loc":{"start":{"line":53,"column":9},"end":{"line":61,"column":null}},"type":"if","locations":[{"start":{"line":53,"column":9},"end":{"line":61,"column":null}},{"start":{"line":53,"column":9},"end":{"line":61,"column":null}}]},"21":{"loc":{"start":{"line":56,"column":9},"end":{"line":61,"column":null}},"type":"if","locations":[{"start":{"line":56,"column":9},"end":{"line":61,"column":null}},{"start":{"line":56,"column":9},"end":{"line":61,"column":null}}]},"22":{"loc":{"start":{"line":67,"column":2},"end":{"line":72,"column":null}},"type":"if","locations":[{"start":{"line":67,"column":2},"end":{"line":72,"column":null}},{"start":{"line":67,"column":2},"end":{"line":72,"column":null}}]},"23":{"loc":{"start":{"line":67,"column":6},"end":{"line":67,"column":14}},"type":"binary-expr","locations":[{"start":{"line":67,"column":6},"end":{"line":67,"column":14}},{"start":{"line":67,"column":18},"end":{"line":67,"column":37}}]},"24":{"loc":{"start":{"line":78,"column":41},"end":{"line":78,"column":59}},"type":"cond-expr","locations":[{"start":{"line":78,"column":41},"end":{"line":78,"column":59}},{"start":{"line":78,"column":62},"end":{"line":78,"column":64}}]},"25":{"loc":{"start":{"line":79,"column":15},"end":{"line":79,"column":28}},"type":"cond-expr","locations":[{"start":{"line":79,"column":15},"end":{"line":79,"column":28}},{"start":{"line":79,"column":31},"end":{"line":79,"column":null}}]}},"s":{"0":5,"1":5,"2":5,"3":15,"4":15,"5":4,"6":3,"7":3,"8":1,"9":1,"10":11,"11":11,"12":2,"13":2,"14":2,"15":3,"16":3,"17":6,"18":5,"19":21,"20":6,"21":15,"22":2,"23":13,"24":1,"25":12,"26":12,"27":8,"28":8,"29":6,"30":21,"31":6,"32":2,"33":8,"34":8,"35":8,"36":8,"37":2,"38":2,"39":1},"f":{"0":5,"1":21,"2":8,"3":21,"4":8,"5":2},"b":{"0":[4,11],"1":[3,1],"2":[0,3],"3":[3,3],"4":[0,1],"5":[1,1],"6":[11,0],"7":[2,3,6],"8":[0,2],"9":[2,2],"10":[1,1],"11":[0,2],"12":[2,2],"13":[0,3],"14":[3,3],"15":[0,3],"16":[3,3],"17":[0,6],"18":[6,6],"19":[6,15],"20":[2,13],"21":[1,12],"22":[6,2],"23":[8,8],"24":[5,3],"25":[6,2]}}
,"/Users/liruijia/Desktop/didi-work/tenon-tool-vue/src/template/index.ts": {"path":"/Users/liruijia/Desktop/didi-work/tenon-tool-vue/src/template/index.ts","statementMap":{"0":{"start":{"line":2,"column":0},"end":{"line":2,"column":33}},"1":{"start":{"line":3,"column":0},"end":{"line":3,"column":35}},"2":{"start":{"line":6,"column":2},"end":{"line":8,"column":null}},"3":{"start":{"line":7,"column":4},"end":{"line":7,"column":null}},"4":{"start":{"line":9,"column":12},"end":{"line":9,"column":25}},"5":{"start":{"line":10,"column":2},"end":{"line":10,"column":null}},"6":{"start":{"line":11,"column":2},"end":{"line":11,"column":null}},"7":{"start":{"line":14,"column":0},"end":{"line":14,"column":null}}},"fnMap":{"0":{"name":"tenonTemplateTransform","decl":{"start":{"line":5,"column":9},"end":{"line":5,"column":31}},"loc":{"start":{"line":5,"column":65},"end":{"line":12,"column":1}}}},"branchMap":{"0":{"loc":{"start":{"line":6,"column":2},"end":{"line":8,"column":null}},"type":"if","locations":[{"start":{"line":6,"column":2},"end":{"line":8,"column":null}},{"start":{"line":6,"column":2},"end":{"line":8,"column":null}}]},"1":{"loc":{"start":{"line":9,"column":20},"end":{"line":9,"column":22}},"type":"cond-expr","locations":[{"start":{"line":9,"column":20},"end":{"line":9,"column":22}},{"start":{"line":9,"column":12},"end":{"line":9,"column":25}}]},"2":{"loc":{"start":{"line":9,"column":12},"end":{"line":9,"column":22}},"type":"binary-expr","locations":[{"start":{"line":9,"column":12},"end":{"line":9,"column":22}},{"start":{"line":9,"column":12},"end":{"line":9,"column":22}}]}},"s":{"0":1,"1":1,"2":2,"3":0,"4":2,"5":2,"6":2,"7":1},"f":{"0":2},"b":{"0":[0,2],"1":[0,2],"2":[2,2]}}
,"/Users/liruijia/Desktop/didi-work/tenon-tool-vue/src/template/translate.ts": {"path":"/Users/liruijia/Desktop/didi-work/tenon-tool-vue/src/template/translate.ts","statementMap":{"0":{"start":{"line":11,"column":21},"end":{"line":25,"column":null}},"1":{"start":{"line":28,"column":52},"end":{"line":28,"column":66}},"2":{"start":{"line":30,"column":2},"end":{"line":58,"column":null}},"3":{"start":{"line":32,"column":4},"end":{"line":34,"column":null}},"4":{"start":{"line":33,"column":6},"end":{"line":33,"column":null}},"5":{"start":{"line":35,"column":4},"end":{"line":51,"column":null}},"6":{"start":{"line":36,"column":17},"end":{"line":36,"column":46}},"7":{"start":{"line":39,"column":6},"end":{"line":50,"column":null}},"8":{"start":{"line":40,"column":21},"end":{"line":40,"column":73}},"9":{"start":{"line":41,"column":8},"end":{"line":49,"column":null}},"10":{"start":{"line":42,"column":20},"end":{"line":42,"column":52}},"11":{"start":{"line":44,"column":10},"end":{"line":48,"column":null}},"12":{"start":{"line":45,"column":12},"end":{"line":46,"column":null}},"13":{"start":{"line":47,"column":12},"end":{"line":47,"column":null}},"14":{"start":{"line":53,"column":4},"end":{"line":57,"column":null}},"15":{"start":{"line":54,"column":6},"end":{"line":56,"column":null}},"16":{"start":{"line":55,"column":8},"end":{"line":55,"column":null}},"17":{"start":{"line":59,"column":2},"end":{"line":59,"column":null}},"18":{"start":{"line":62,"column":0},"end":{"line":62,"column":null}}},"fnMap":{"0":{"name":"translate","decl":{"start":{"line":27,"column":9},"end":{"line":27,"column":18}},"loc":{"start":{"line":27,"column":35},"end":{"line":60,"column":1}}},"1":{"name":"(anonymous_1)","decl":{"start":{"line":54,"column":27},"end":{"line":54,"column":28}},"loc":{"start":{"line":54,"column":41},"end":{"line":56,"column":7}}}},"branchMap":{"0":{"loc":{"start":{"line":30,"column":2},"end":{"line":58,"column":null}},"type":"if","locations":[{"start":{"line":30,"column":2},"end":{"line":58,"column":null}},{"start":{"line":30,"column":2},"end":{"line":58,"column":null}}]},"1":{"loc":{"start":{"line":32,"column":4},"end":{"line":34,"column":null}},"type":"if","locations":[{"start":{"line":32,"column":4},"end":{"line":34,"column":null}},{"start":{"line":32,"column":4},"end":{"line":34,"column":null}}]},"2":{"loc":{"start":{"line":39,"column":6},"end":{"line":50,"column":null}},"type":"if","locations":[{"start":{"line":39,"column":6},"end":{"line":50,"column":null}},{"start":{"line":39,"column":6},"end":{"line":50,"column":null}}]},"3":{"loc":{"start":{"line":39,"column":10},"end":{"line":39,"column":24}},"type":"binary-expr","locations":[{"start":{"line":39,"column":10},"end":{"line":39,"column":24}},{"start":{"line":39,"column":28},"end":{"line":39,"column":36}},{"start":{"line":39,"column":40},"end":{"line":39,"column":58}}]},"4":{"loc":{"start":{"line":41,"column":8},"end":{"line":49,"column":null}},"type":"if","locations":[{"start":{"line":41,"column":8},"end":{"line":49,"column":null}},{"start":{"line":41,"column":8},"end":{"line":49,"column":null}}]},"5":{"loc":{"start":{"line":44,"column":10},"end":{"line":48,"column":null}},"type":"if","locations":[{"start":{"line":44,"column":10},"end":{"line":48,"column":null}},{"start":{"line":44,"column":10},"end":{"line":48,"column":null}}]},"6":{"loc":{"start":{"line":44,"column":14},"end":{"line":44,"column":17}},"type":"binary-expr","locations":[{"start":{"line":44,"column":14},"end":{"line":44,"column":17}},{"start":{"line":44,"column":21},"end":{"line":44,"column":32}}]},"7":{"loc":{"start":{"line":46,"column":14},"end":{"line":46,"column":64}},"type":"binary-expr","locations":[{"start":{"line":46,"column":14},"end":{"line":46,"column":64}},{"start":{"line":46,"column":68},"end":{"line":46,"column":79}}]},"8":{"loc":{"start":{"line":46,"column":38},"end":{"line":46,"column":40}},"type":"cond-expr","locations":[{"start":{"line":46,"column":38},"end":{"line":46,"column":40}},{"start":{"line":46,"column":38},"end":{"line":46,"column":63}}]},"9":{"loc":{"start":{"line":46,"column":21},"end":{"line":46,"column":40}},"type":"binary-expr","locations":[{"start":{"line":46,"column":21},"end":{"line":46,"column":40}},{"start":{"line":46,"column":38},"end":{"line":46,"column":40}}]},"10":{"loc":{"start":{"line":53,"column":4},"end":{"line":57,"column":null}},"type":"if","locations":[{"start":{"line":53,"column":4},"end":{"line":57,"column":null}},{"start":{"line":53,"column":4},"end":{"line":57,"column":null}}]}},"s":{"0":1,"1":23,"2":23,"3":8,"4":5,"5":8,"6":15,"7":15,"8":11,"9":11,"10":2,"11":2,"12":2,"13":2,"14":8,"15":8,"16":21,"17":23,"18":1},"f":{"0":23,"1":21},"b":{"0":[8,15],"1":[5,3],"2":[11,4],"3":[15,11,11],"4":[2,9],"5":[2,0],"6":[2,2],"7":[2,0],"8":[0,2],"9":[2,2],"10":[8,0]}}
}
