{"/Users/liruijia/Desktop/didi-work/tenon-tool-vue/src/index.ts": {"path":"/Users/liruijia/Desktop/didi-work/tenon-tool-vue/src/index.ts","statementMap":{"0":{"start":{"line":1,"column":0},"end":{"line":1,"column":41}},"1":{"start":{"line":3,"column":0},"end":{"line":3,"column":43}},"2":{"start":{"line":4,"column":0},"end":{"line":4,"column":43}},"3":{"start":{"line":5,"column":0},"end":{"line":5,"column":47}},"4":{"start":{"line":10,"column":19},"end":{"line":10,"column":46}},"5":{"start":{"line":12,"column":15},"end":{"line":12,"column":54}},"6":{"start":{"line":14,"column":14},"end":{"line":14,"column":53}},"7":{"start":{"line":16,"column":17},"end":{"line":16,"column":60}},"8":{"start":{"line":17,"column":2},"end":{"line":17,"column":null}},"9":{"start":{"line":19,"column":9},"end":{"line":19,"column":19}},"10":{"start":{"line":29,"column":36},"end":{"line":29,"column":57}},"11":{"start":{"line":30,"column":2},"end":{"line":30,"column":null}},"12":{"start":{"line":28,"column":0},"end":{"line":28,"column":24}}},"fnMap":{"0":{"name":"vueToTenon","decl":{"start":{"line":8,"column":9},"end":{"line":8,"column":19}},"loc":{"start":{"line":8,"column":37},"end":{"line":18,"column":1}}},"1":{"name":"tenonProgram","decl":{"start":{"line":28,"column":24},"end":{"line":28,"column":36}},"loc":{"start":{"line":28,"column":54},"end":{"line":31,"column":1}}}},"branchMap":{},"s":{"0":1,"1":1,"2":1,"3":1,"4":1,"5":1,"6":1,"7":1,"8":1,"9":1,"10":0,"11":0,"12":1},"f":{"0":1,"1":0},"b":{}}
,"/Users/liruijia/Desktop/didi-work/tenon-tool-vue/src/script/index.ts": {"path":"/Users/liruijia/Desktop/didi-work/tenon-tool-vue/src/script/index.ts","statementMap":{"0":{"start":{"line":3,"column":2},"end":{"line":5,"column":null}},"1":{"start":{"line":4,"column":4},"end":{"line":4,"column":null}},"2":{"start":{"line":6,"column":21},"end":{"line":6,"column":23}},"3":{"start":{"line":7,"column":2},"end":{"line":7,"column":null}},"4":{"start":{"line":8,"column":2},"end":{"line":8,"column":null}},"5":{"start":{"line":10,"column":0},"end":{"line":10,"column":null}}},"fnMap":{"0":{"name":"tenonScriptTransform","decl":{"start":{"line":2,"column":9},"end":{"line":2,"column":29}},"loc":{"start":{"line":2,"column":59},"end":{"line":9,"column":1}}}},"branchMap":{"0":{"loc":{"start":{"line":3,"column":2},"end":{"line":5,"column":null}},"type":"if","locations":[{"start":{"line":3,"column":2},"end":{"line":5,"column":null}},{"start":{"line":3,"column":2},"end":{"line":5,"column":null}}]},"1":{"loc":{"start":{"line":7,"column":38},"end":{"line":7,"column":40}},"type":"cond-expr","locations":[{"start":{"line":7,"column":38},"end":{"line":7,"column":40}},{"start":{"line":7,"column":32},"end":{"line":7,"column":47}}]},"2":{"loc":{"start":{"line":7,"column":32},"end":{"line":7,"column":40}},"type":"binary-expr","locations":[{"start":{"line":7,"column":32},"end":{"line":7,"column":40}},{"start":{"line":7,"column":32},"end":{"line":7,"column":40}}]}},"s":{"0":1,"1":0,"2":1,"3":1,"4":1,"5":1},"f":{"0":1},"b":{"0":[0,1],"1":[0,1],"2":[1,1]}}
,"/Users/liruijia/Desktop/didi-work/tenon-tool-vue/src/styles/index.ts": {"path":"/Users/liruijia/Desktop/didi-work/tenon-tool-vue/src/styles/index.ts","statementMap":{"0":{"start":{"line":4,"column":20},"end":{"line":4,"column":22}},"1":{"start":{"line":5,"column":14},"end":{"line":5,"column":16}},"2":{"start":{"line":6,"column":2},"end":{"line":19,"column":null}},"3":{"start":{"line":7,"column":4},"end":{"line":7,"column":null}},"4":{"start":{"line":8,"column":4},"end":{"line":8,"column":null}},"5":{"start":{"line":9,"column":4},"end":{"line":18,"column":null}},"6":{"start":{"line":10,"column":6},"end":{"line":10,"column":null}},"7":{"start":{"line":11,"column":6},"end":{"line":11,"column":null}},"8":{"start":{"line":12,"column":6},"end":{"line":12,"column":null}},"9":{"start":{"line":13,"column":6},"end":{"line":17,"column":null}},"10":{"start":{"line":14,"column":8},"end":{"line":14,"column":null}},"11":{"start":{"line":16,"column":8},"end":{"line":16,"column":null}},"12":{"start":{"line":20,"column":2},"end":{"line":20,"column":null}},"13":{"start":{"line":21,"column":2},"end":{"line":21,"column":null}},"14":{"start":{"line":22,"column":2},"end":{"line":22,"column":null}},"15":{"start":{"line":24,"column":0},"end":{"line":24,"column":null}}},"fnMap":{"0":{"name":"tenonStylesTransform","decl":{"start":{"line":3,"column":9},"end":{"line":3,"column":29}},"loc":{"start":{"line":3,"column":53},"end":{"line":23,"column":1}}},"1":{"name":"(anonymous_1)","decl":{"start":{"line":6,"column":17},"end":{"line":6,"column":18}},"loc":{"start":{"line":6,"column":26},"end":{"line":19,"column":3}}},"2":{"name":"(anonymous_2)","decl":{"start":{"line":9,"column":36},"end":{"line":9,"column":37}},"loc":{"start":{"line":9,"column":45},"end":{"line":18,"column":5}}}},"branchMap":{"0":{"loc":{"start":{"line":13,"column":6},"end":{"line":17,"column":null}},"type":"if","locations":[{"start":{"line":13,"column":6},"end":{"line":17,"column":null}},{"start":{"line":13,"column":6},"end":{"line":17,"column":null}}]}},"s":{"0":1,"1":1,"2":1,"3":1,"4":1,"5":1,"6":1,"7":1,"8":1,"9":1,"10":0,"11":1,"12":1,"13":1,"14":1,"15":1},"f":{"0":1,"1":1,"2":1},"b":{"0":[0,1]}}
,"/Users/liruijia/Desktop/didi-work/tenon-tool-vue/src/template/generate.ts": {"path":"/Users/liruijia/Desktop/didi-work/tenon-tool-vue/src/template/generate.ts","statementMap":{"0":{"start":{"line":11,"column":12},"end":{"line":11,"column":14}},"1":{"start":{"line":12,"column":2},"end":{"line":42,"column":null}},"2":{"start":{"line":12,"column":15},"end":{"line":12,"column":16}},"3":{"start":{"line":13,"column":15},"end":{"line":13,"column":23}},"4":{"start":{"line":15,"column":4},"end":{"line":41,"column":null}},"5":{"start":{"line":16,"column":6},"end":{"line":23,"column":null}},"6":{"start":{"line":18,"column":10},"end":{"line":18,"column":null}},"7":{"start":{"line":19,"column":10},"end":{"line":19,"column":15}},"8":{"start":{"line":21,"column":10},"end":{"line":21,"column":null}},"9":{"start":{"line":22,"column":10},"end":{"line":22,"column":15}},"10":{"start":{"line":24,"column":11},"end":{"line":41,"column":null}},"11":{"start":{"line":25,"column":6},"end":{"line":40,"column":null}},"12":{"start":{"line":27,"column":32},"end":{"line":27,"column":56}},"13":{"start":{"line":28,"column":10},"end":{"line":30,"column":null}},"14":{"start":{"line":31,"column":10},"end":{"line":31,"column":15}},"15":{"start":{"line":33,"column":10},"end":{"line":33,"column":null}},"16":{"start":{"line":34,"column":10},"end":{"line":34,"column":15}},"17":{"start":{"line":36,"column":10},"end":{"line":36,"column":null}},"18":{"start":{"line":37,"column":10},"end":{"line":37,"column":15}},"19":{"start":{"line":39,"column":10},"end":{"line":39,"column":null}},"20":{"start":{"line":43,"column":2},"end":{"line":43,"column":null}},"21":{"start":{"line":53,"column":2},"end":{"line":64,"column":null}},"22":{"start":{"line":55,"column":4},"end":{"line":55,"column":null}},"23":{"start":{"line":56,"column":9},"end":{"line":64,"column":null}},"24":{"start":{"line":58,"column":4},"end":{"line":58,"column":null}},"25":{"start":{"line":59,"column":9},"end":{"line":64,"column":null}},"26":{"start":{"line":60,"column":4},"end":{"line":60,"column":null}},"27":{"start":{"line":62,"column":15},"end":{"line":62,"column":27}},"28":{"start":{"line":63,"column":4},"end":{"line":63,"column":null}},"29":{"start":{"line":69,"column":17},"end":{"line":69,"column":28}},"30":{"start":{"line":70,"column":2},"end":{"line":75,"column":null}},"31":{"start":{"line":71,"column":15},"end":{"line":71,"column":69}},"32":{"start":{"line":71,"column":51},"end":{"line":71,"column":57}},"33":{"start":{"line":72,"column":4},"end":{"line":72,"column":null}},"34":{"start":{"line":74,"column":4},"end":{"line":74,"column":null}},"35":{"start":{"line":79,"column":17},"end":{"line":79,"column":32}},"36":{"start":{"line":80,"column":13},"end":{"line":80,"column":15}},"37":{"start":{"line":81,"column":2},"end":{"line":83,"column":null}},"38":{"start":{"line":84,"column":2},"end":{"line":84,"column":null}},"39":{"start":{"line":88,"column":16},"end":{"line":88,"column":36}},"40":{"start":{"line":89,"column":2},"end":{"line":89,"column":null}},"41":{"start":{"line":92,"column":0},"end":{"line":92,"column":null}}},"fnMap":{"0":{"name":"genProps","decl":{"start":{"line":9,"column":9},"end":{"line":9,"column":17}},"loc":{"start":{"line":9,"column":30},"end":{"line":44,"column":1}}},"1":{"name":"gen","decl":{"start":{"line":52,"column":9},"end":{"line":52,"column":12}},"loc":{"start":{"line":52,"column":22},"end":{"line":65,"column":1}}},"2":{"name":"genChildren","decl":{"start":{"line":68,"column":9},"end":{"line":68,"column":20}},"loc":{"start":{"line":68,"column":28},"end":{"line":76,"column":1}}},"3":{"name":"(anonymous_3)","decl":{"start":{"line":71,"column":31},"end":{"line":71,"column":32}},"loc":{"start":{"line":71,"column":51},"end":{"line":71,"column":57}}},"4":{"name":"generate","decl":{"start":{"line":78,"column":9},"end":{"line":78,"column":17}},"loc":{"start":{"line":78,"column":25},"end":{"line":85,"column":1}}},"5":{"name":"genereateInterpolation","decl":{"start":{"line":87,"column":9},"end":{"line":87,"column":31}},"loc":{"start":{"line":87,"column":41},"end":{"line":90,"column":1}}}},"branchMap":{"0":{"loc":{"start":{"line":15,"column":4},"end":{"line":41,"column":null}},"type":"if","locations":[{"start":{"line":15,"column":4},"end":{"line":41,"column":null}},{"start":{"line":15,"column":4},"end":{"line":41,"column":null}}]},"1":{"loc":{"start":{"line":17,"column":8},"end":{"line":19,"column":15}},"type":"switch","locations":[{"start":{"line":17,"column":8},"end":{"line":19,"column":15}},{"start":{"line":20,"column":8},"end":{"line":22,"column":15}}]},"2":{"loc":{"start":{"line":18,"column":44},"end":{"line":18,"column":46}},"type":"cond-expr","locations":[{"start":{"line":18,"column":44},"end":{"line":18,"column":46}},{"start":{"line":18,"column":44},"end":{"line":18,"column":53}}]},"3":{"loc":{"start":{"line":18,"column":34},"end":{"line":18,"column":46}},"type":"binary-expr","locations":[{"start":{"line":18,"column":34},"end":{"line":18,"column":46}},{"start":{"line":18,"column":44},"end":{"line":18,"column":46}}]},"4":{"loc":{"start":{"line":21,"column":44},"end":{"line":21,"column":46}},"type":"cond-expr","locations":[{"start":{"line":21,"column":44},"end":{"line":21,"column":46}},{"start":{"line":21,"column":44},"end":{"line":21,"column":53}}]},"5":{"loc":{"start":{"line":21,"column":34},"end":{"line":21,"column":46}},"type":"binary-expr","locations":[{"start":{"line":21,"column":34},"end":{"line":21,"column":46}},{"start":{"line":21,"column":44},"end":{"line":21,"column":46}}]},"6":{"loc":{"start":{"line":24,"column":11},"end":{"line":41,"column":null}},"type":"if","locations":[{"start":{"line":24,"column":11},"end":{"line":41,"column":null}},{"start":{"line":24,"column":11},"end":{"line":41,"column":null}}]},"7":{"loc":{"start":{"line":26,"column":8},"end":{"line":31,"column":15}},"type":"switch","locations":[{"start":{"line":26,"column":8},"end":{"line":31,"column":15}},{"start":{"line":32,"column":8},"end":{"line":34,"column":15}},{"start":{"line":35,"column":8},"end":{"line":37,"column":15}},{"start":{"line":38,"column":8},"end":{"line":39,"column":null}}]},"8":{"loc":{"start":{"line":28,"column":33},"end":{"line":28,"column":35}},"type":"cond-expr","locations":[{"start":{"line":28,"column":33},"end":{"line":28,"column":35}},{"start":{"line":28,"column":33},"end":{"line":28,"column":42}}]},"9":{"loc":{"start":{"line":28,"column":25},"end":{"line":28,"column":35}},"type":"binary-expr","locations":[{"start":{"line":28,"column":25},"end":{"line":28,"column":35}},{"start":{"line":28,"column":33},"end":{"line":28,"column":35}}]},"10":{"loc":{"start":{"line":29,"column":30},"end":{"line":29,"column":51}},"type":"cond-expr","locations":[{"start":{"line":29,"column":30},"end":{"line":29,"column":51}},{"start":{"line":29,"column":54},"end":{"line":29,"column":null}}]},"11":{"loc":{"start":{"line":30,"column":23},"end":{"line":30,"column":25}},"type":"cond-expr","locations":[{"start":{"line":30,"column":23},"end":{"line":30,"column":25}},{"start":{"line":30,"column":23},"end":{"line":30,"column":32}}]},"12":{"loc":{"start":{"line":30,"column":15},"end":{"line":30,"column":25}},"type":"binary-expr","locations":[{"start":{"line":30,"column":15},"end":{"line":30,"column":25}},{"start":{"line":30,"column":23},"end":{"line":30,"column":25}}]},"13":{"loc":{"start":{"line":33,"column":29},"end":{"line":33,"column":31}},"type":"cond-expr","locations":[{"start":{"line":33,"column":29},"end":{"line":33,"column":31}},{"start":{"line":33,"column":29},"end":{"line":33,"column":38}}]},"14":{"loc":{"start":{"line":33,"column":21},"end":{"line":33,"column":31}},"type":"binary-expr","locations":[{"start":{"line":33,"column":21},"end":{"line":33,"column":31}},{"start":{"line":33,"column":29},"end":{"line":33,"column":31}}]},"15":{"loc":{"start":{"line":33,"column":51},"end":{"line":33,"column":53}},"type":"cond-expr","locations":[{"start":{"line":33,"column":51},"end":{"line":33,"column":53}},{"start":{"line":33,"column":51},"end":{"line":33,"column":60}}]},"16":{"loc":{"start":{"line":33,"column":43},"end":{"line":33,"column":53}},"type":"binary-expr","locations":[{"start":{"line":33,"column":43},"end":{"line":33,"column":53}},{"start":{"line":33,"column":51},"end":{"line":33,"column":53}}]},"17":{"loc":{"start":{"line":39,"column":44},"end":{"line":39,"column":46}},"type":"cond-expr","locations":[{"start":{"line":39,"column":44},"end":{"line":39,"column":46}},{"start":{"line":39,"column":44},"end":{"line":39,"column":53}}]},"18":{"loc":{"start":{"line":39,"column":36},"end":{"line":39,"column":46}},"type":"binary-expr","locations":[{"start":{"line":39,"column":36},"end":{"line":39,"column":46}},{"start":{"line":39,"column":44},"end":{"line":39,"column":46}}]},"19":{"loc":{"start":{"line":53,"column":2},"end":{"line":64,"column":null}},"type":"if","locations":[{"start":{"line":53,"column":2},"end":{"line":64,"column":null}},{"start":{"line":53,"column":2},"end":{"line":64,"column":null}}]},"20":{"loc":{"start":{"line":56,"column":9},"end":{"line":64,"column":null}},"type":"if","locations":[{"start":{"line":56,"column":9},"end":{"line":64,"column":null}},{"start":{"line":56,"column":9},"end":{"line":64,"column":null}}]},"21":{"loc":{"start":{"line":59,"column":9},"end":{"line":64,"column":null}},"type":"if","locations":[{"start":{"line":59,"column":9},"end":{"line":64,"column":null}},{"start":{"line":59,"column":9},"end":{"line":64,"column":null}}]},"22":{"loc":{"start":{"line":70,"column":2},"end":{"line":75,"column":null}},"type":"if","locations":[{"start":{"line":70,"column":2},"end":{"line":75,"column":null}},{"start":{"line":70,"column":2},"end":{"line":75,"column":null}}]},"23":{"loc":{"start":{"line":70,"column":6},"end":{"line":70,"column":14}},"type":"binary-expr","locations":[{"start":{"line":70,"column":6},"end":{"line":70,"column":14}},{"start":{"line":70,"column":18},"end":{"line":70,"column":37}}]},"24":{"loc":{"start":{"line":81,"column":41},"end":{"line":81,"column":59}},"type":"cond-expr","locations":[{"start":{"line":81,"column":41},"end":{"line":81,"column":59}},{"start":{"line":81,"column":62},"end":{"line":81,"column":64}}]},"25":{"loc":{"start":{"line":82,"column":15},"end":{"line":82,"column":28}},"type":"cond-expr","locations":[{"start":{"line":82,"column":15},"end":{"line":82,"column":28}},{"start":{"line":82,"column":31},"end":{"line":82,"column":null}}]}},"s":{"0":2,"1":2,"2":2,"3":8,"4":8,"5":1,"6":1,"7":1,"8":0,"9":0,"10":7,"11":7,"12":1,"13":1,"14":1,"15":2,"16":2,"17":1,"18":1,"19":3,"20":2,"21":9,"22":3,"23":6,"24":0,"25":6,"26":0,"27":6,"28":6,"29":4,"30":4,"31":3,"32":9,"33":3,"34":1,"35":4,"36":4,"37":4,"38":4,"39":0,"40":0,"41":1},"f":{"0":2,"1":9,"2":4,"3":9,"4":4,"5":0},"b":{"0":[1,7],"1":[1,0],"2":[0,1],"3":[1,1],"4":[0,0],"5":[0,0],"6":[7,0],"7":[1,2,1,3],"8":[0,1],"9":[1,1],"10":[0,1],"11":[0,1],"12":[1,1],"13":[0,2],"14":[2,2],"15":[0,2],"16":[2,2],"17":[0,3],"18":[3,3],"19":[3,6],"20":[0,6],"21":[0,6],"22":[3,1],"23":[4,4],"24":[2,2],"25":[3,1]}}
,"/Users/liruijia/Desktop/didi-work/tenon-tool-vue/src/template/index.ts": {"path":"/Users/liruijia/Desktop/didi-work/tenon-tool-vue/src/template/index.ts","statementMap":{"0":{"start":{"line":2,"column":0},"end":{"line":2,"column":33}},"1":{"start":{"line":3,"column":0},"end":{"line":3,"column":35}},"2":{"start":{"line":6,"column":2},"end":{"line":8,"column":null}},"3":{"start":{"line":7,"column":4},"end":{"line":7,"column":null}},"4":{"start":{"line":9,"column":12},"end":{"line":9,"column":25}},"5":{"start":{"line":10,"column":2},"end":{"line":10,"column":null}},"6":{"start":{"line":11,"column":2},"end":{"line":11,"column":null}},"7":{"start":{"line":14,"column":0},"end":{"line":14,"column":null}}},"fnMap":{"0":{"name":"tenonTemplateTransform","decl":{"start":{"line":5,"column":9},"end":{"line":5,"column":31}},"loc":{"start":{"line":5,"column":65},"end":{"line":12,"column":1}}}},"branchMap":{"0":{"loc":{"start":{"line":6,"column":2},"end":{"line":8,"column":null}},"type":"if","locations":[{"start":{"line":6,"column":2},"end":{"line":8,"column":null}},{"start":{"line":6,"column":2},"end":{"line":8,"column":null}}]},"1":{"loc":{"start":{"line":9,"column":20},"end":{"line":9,"column":22}},"type":"cond-expr","locations":[{"start":{"line":9,"column":20},"end":{"line":9,"column":22}},{"start":{"line":9,"column":12},"end":{"line":9,"column":25}}]},"2":{"loc":{"start":{"line":9,"column":12},"end":{"line":9,"column":22}},"type":"binary-expr","locations":[{"start":{"line":9,"column":12},"end":{"line":9,"column":22}},{"start":{"line":9,"column":12},"end":{"line":9,"column":22}}]}},"s":{"0":1,"1":1,"2":1,"3":0,"4":1,"5":1,"6":1,"7":1},"f":{"0":1},"b":{"0":[0,1],"1":[0,1],"2":[1,1]}}
,"/Users/liruijia/Desktop/didi-work/tenon-tool-vue/src/template/translate.ts": {"path":"/Users/liruijia/Desktop/didi-work/tenon-tool-vue/src/template/translate.ts","statementMap":{"0":{"start":{"line":11,"column":21},"end":{"line":28,"column":null}},"1":{"start":{"line":31,"column":52},"end":{"line":31,"column":66}},"2":{"start":{"line":33,"column":2},"end":{"line":61,"column":null}},"3":{"start":{"line":35,"column":4},"end":{"line":37,"column":null}},"4":{"start":{"line":36,"column":6},"end":{"line":36,"column":null}},"5":{"start":{"line":38,"column":4},"end":{"line":54,"column":null}},"6":{"start":{"line":39,"column":17},"end":{"line":39,"column":46}},"7":{"start":{"line":42,"column":6},"end":{"line":53,"column":null}},"8":{"start":{"line":43,"column":21},"end":{"line":43,"column":73}},"9":{"start":{"line":44,"column":8},"end":{"line":52,"column":null}},"10":{"start":{"line":45,"column":20},"end":{"line":45,"column":52}},"11":{"start":{"line":47,"column":10},"end":{"line":51,"column":null}},"12":{"start":{"line":48,"column":12},"end":{"line":49,"column":null}},"13":{"start":{"line":50,"column":12},"end":{"line":50,"column":null}},"14":{"start":{"line":56,"column":4},"end":{"line":60,"column":null}},"15":{"start":{"line":57,"column":6},"end":{"line":59,"column":null}},"16":{"start":{"line":58,"column":8},"end":{"line":58,"column":null}},"17":{"start":{"line":62,"column":2},"end":{"line":62,"column":null}},"18":{"start":{"line":65,"column":0},"end":{"line":65,"column":null}}},"fnMap":{"0":{"name":"translate","decl":{"start":{"line":30,"column":9},"end":{"line":30,"column":18}},"loc":{"start":{"line":30,"column":35},"end":{"line":63,"column":1}}},"1":{"name":"(anonymous_1)","decl":{"start":{"line":57,"column":27},"end":{"line":57,"column":28}},"loc":{"start":{"line":57,"column":41},"end":{"line":59,"column":7}}}},"branchMap":{"0":{"loc":{"start":{"line":33,"column":2},"end":{"line":61,"column":null}},"type":"if","locations":[{"start":{"line":33,"column":2},"end":{"line":61,"column":null}},{"start":{"line":33,"column":2},"end":{"line":61,"column":null}}]},"1":{"loc":{"start":{"line":35,"column":4},"end":{"line":37,"column":null}},"type":"if","locations":[{"start":{"line":35,"column":4},"end":{"line":37,"column":null}},{"start":{"line":35,"column":4},"end":{"line":37,"column":null}}]},"2":{"loc":{"start":{"line":42,"column":6},"end":{"line":53,"column":null}},"type":"if","locations":[{"start":{"line":42,"column":6},"end":{"line":53,"column":null}},{"start":{"line":42,"column":6},"end":{"line":53,"column":null}}]},"3":{"loc":{"start":{"line":42,"column":10},"end":{"line":42,"column":24}},"type":"binary-expr","locations":[{"start":{"line":42,"column":10},"end":{"line":42,"column":24}},{"start":{"line":42,"column":28},"end":{"line":42,"column":36}},{"start":{"line":42,"column":40},"end":{"line":42,"column":58}}]},"4":{"loc":{"start":{"line":44,"column":8},"end":{"line":52,"column":null}},"type":"if","locations":[{"start":{"line":44,"column":8},"end":{"line":52,"column":null}},{"start":{"line":44,"column":8},"end":{"line":52,"column":null}}]},"5":{"loc":{"start":{"line":47,"column":10},"end":{"line":51,"column":null}},"type":"if","locations":[{"start":{"line":47,"column":10},"end":{"line":51,"column":null}},{"start":{"line":47,"column":10},"end":{"line":51,"column":null}}]},"6":{"loc":{"start":{"line":47,"column":14},"end":{"line":47,"column":17}},"type":"binary-expr","locations":[{"start":{"line":47,"column":14},"end":{"line":47,"column":17}},{"start":{"line":47,"column":21},"end":{"line":47,"column":32}}]},"7":{"loc":{"start":{"line":49,"column":14},"end":{"line":49,"column":64}},"type":"binary-expr","locations":[{"start":{"line":49,"column":14},"end":{"line":49,"column":64}},{"start":{"line":49,"column":68},"end":{"line":49,"column":79}}]},"8":{"loc":{"start":{"line":49,"column":38},"end":{"line":49,"column":40}},"type":"cond-expr","locations":[{"start":{"line":49,"column":38},"end":{"line":49,"column":40}},{"start":{"line":49,"column":38},"end":{"line":49,"column":63}}]},"9":{"loc":{"start":{"line":49,"column":21},"end":{"line":49,"column":40}},"type":"binary-expr","locations":[{"start":{"line":49,"column":21},"end":{"line":49,"column":40}},{"start":{"line":49,"column":38},"end":{"line":49,"column":40}}]},"10":{"loc":{"start":{"line":56,"column":4},"end":{"line":60,"column":null}},"type":"if","locations":[{"start":{"line":56,"column":4},"end":{"line":60,"column":null}},{"start":{"line":56,"column":4},"end":{"line":60,"column":null}}]}},"s":{"0":1,"1":10,"2":10,"3":4,"4":2,"5":4,"6":8,"7":8,"8":6,"9":6,"10":1,"11":1,"12":1,"13":1,"14":4,"15":4,"16":9,"17":10,"18":1},"f":{"0":10,"1":9},"b":{"0":[4,6],"1":[2,2],"2":[6,2],"3":[8,7,6],"4":[1,5],"5":[1,0],"6":[1,1],"7":[1,0],"8":[0,1],"9":[1,1],"10":[4,0]}}
}
