TN:
SF:src/index.ts
FN:8,vueToTenon
FN:28,tenonProgram
FNF:2
FNH:2
FNDA:2,vueToTenon
FNDA:1,tenonProgram
DA:1,1
DA:3,1
DA:4,1
DA:5,1
DA:10,2
DA:12,2
DA:14,2
DA:16,2
DA:17,2
DA:19,1
DA:28,1
DA:29,1
DA:30,1
DA:31,1
DA:34,1
LF:15
LH:15
BRF:0
BRH:0
end_of_record
TN:
SF:src/script/index.ts
FN:2,tenonScriptTransform
FNF:1
FNH:1
FNDA:2,tenonScriptTransform
DA:3,2
DA:4,0
DA:6,2
DA:7,2
DA:8,2
DA:10,1
LF:6
LH:5
BRDA:3,0,0,0
BRDA:3,0,1,2
BRDA:7,1,0,0
BRDA:7,1,1,2
BRDA:7,2,0,2
BRDA:7,2,1,2
BRF:6
BRH:4
end_of_record
TN:
SF:src/styles/index.ts
FN:3,tenonStylesTransform
FN:6,(anonymous_1)
FN:9,(anonymous_2)
FNF:3
FNH:3
FNDA:2,tenonStylesTransform
FNDA:2,(anonymous_1)
FNDA:3,(anonymous_2)
DA:4,2
DA:5,2
DA:6,2
DA:7,2
DA:8,2
DA:9,2
DA:10,3
DA:13,2
DA:14,2
DA:16,1
LF:10
LH:10
BRF:0
BRH:0
end_of_record
TN:
SF:src/template/generate.ts
FN:9,genProps
FN:49,gen
FN:65,genChildren
FN:68,(anonymous_3)
FN:75,generate
FN:84,genereateInterpolation
FNF:6
FNH:6
FNDA:5,genProps
FNDA:21,gen
FNDA:8,genChildren
FNDA:21,(anonymous_3)
FNDA:8,generate
FNDA:2,genereateInterpolation
DA:11,5
DA:12,5
DA:13,15
DA:15,15
DA:16,4
DA:18,3
DA:19,3
DA:21,1
DA:22,1
DA:24,11
DA:25,11
DA:27,2
DA:28,2
DA:31,2
DA:33,3
DA:34,3
DA:36,6
DA:40,5
DA:50,21
DA:52,6
DA:53,15
DA:55,2
DA:56,13
DA:57,1
DA:59,12
DA:60,12
DA:66,8
DA:67,8
DA:68,21
DA:69,6
DA:71,2
DA:76,8
DA:77,8
DA:78,8
DA:81,8
DA:85,2
DA:86,2
DA:89,1
LF:38
LH:38
BRDA:15,0,0,4
BRDA:15,0,1,11
BRDA:17,1,0,3
BRDA:17,1,1,1
BRDA:18,2,0,0
BRDA:18,2,1,3
BRDA:18,3,0,3
BRDA:18,3,1,3
BRDA:21,4,0,0
BRDA:21,4,1,1
BRDA:21,5,0,1
BRDA:21,5,1,1
BRDA:24,6,0,11
BRDA:24,6,1,0
BRDA:26,7,0,2
BRDA:26,7,1,3
BRDA:26,7,2,6
BRDA:28,8,0,0
BRDA:28,8,1,2
BRDA:28,9,0,2
BRDA:28,9,1,2
BRDA:29,10,0,1
BRDA:29,10,1,1
BRDA:30,11,0,0
BRDA:30,11,1,2
BRDA:30,12,0,2
BRDA:30,12,1,2
BRDA:33,13,0,0
BRDA:33,13,1,3
BRDA:33,14,0,3
BRDA:33,14,1,3
BRDA:33,15,0,0
BRDA:33,15,1,3
BRDA:33,16,0,3
BRDA:33,16,1,3
BRDA:36,17,0,0
BRDA:36,17,1,6
BRDA:36,18,0,6
BRDA:36,18,1,6
BRDA:50,19,0,6
BRDA:50,19,1,15
BRDA:53,20,0,2
BRDA:53,20,1,13
BRDA:56,21,0,1
BRDA:56,21,1,12
BRDA:67,22,0,6
BRDA:67,22,1,2
BRDA:67,23,0,8
BRDA:67,23,1,8
BRDA:78,24,0,5
BRDA:78,24,1,3
BRDA:79,25,0,6
BRDA:79,25,1,2
BRF:53
BRH:45
end_of_record
TN:
SF:src/template/index.ts
FN:5,tenonTemplateTransform
FNF:1
FNH:1
FNDA:2,tenonTemplateTransform
DA:2,1
DA:3,1
DA:6,2
DA:7,0
DA:9,2
DA:10,2
DA:11,2
DA:14,1
LF:8
LH:7
BRDA:6,0,0,0
BRDA:6,0,1,2
BRDA:9,1,0,0
BRDA:9,1,1,2
BRDA:9,2,0,2
BRDA:9,2,1,2
BRF:6
BRH:4
end_of_record
TN:
SF:src/template/translate.ts
FN:27,translate
FN:54,(anonymous_1)
FNF:2
FNH:2
FNDA:23,translate
FNDA:21,(anonymous_1)
DA:11,1
DA:28,23
DA:30,23
DA:32,8
DA:33,5
DA:35,8
DA:36,15
DA:39,15
DA:40,11
DA:41,11
DA:42,2
DA:44,2
DA:45,2
DA:47,2
DA:53,8
DA:54,8
DA:55,21
DA:59,23
DA:62,1
LF:19
LH:19
BRDA:30,0,0,8
BRDA:30,0,1,15
BRDA:32,1,0,5
BRDA:32,1,1,3
BRDA:39,2,0,11
BRDA:39,2,1,4
BRDA:39,3,0,15
BRDA:39,3,1,11
BRDA:39,3,2,11
BRDA:41,4,0,2
BRDA:41,4,1,9
BRDA:44,5,0,2
BRDA:44,5,1,0
BRDA:44,6,0,2
BRDA:44,6,1,2
BRDA:46,7,0,2
BRDA:46,7,1,0
BRDA:46,8,0,0
BRDA:46,8,1,2
BRDA:46,9,0,2
BRDA:46,9,1,2
BRDA:53,10,0,8
BRDA:53,10,1,0
BRF:23
BRH:19
end_of_record
