TN:
SF:src/index.ts
FN:8,vueToTenon
FN:28,tenonProgram
FNF:2
FNH:1
FNDA:1,vueToTenon
FNDA:0,tenonProgram
DA:1,1
DA:3,1
DA:4,1
DA:5,1
DA:10,1
DA:12,1
DA:14,1
DA:16,1
DA:17,1
DA:19,1
DA:28,1
DA:29,0
DA:30,0
LF:13
LH:11
BRF:0
BRH:0
end_of_record
TN:
SF:src/script/index.ts
FN:2,tenonScriptTransform
FNF:1
FNH:1
FNDA:1,tenonScriptTransform
DA:3,1
DA:4,0
DA:6,1
DA:7,1
DA:8,1
DA:10,1
LF:6
LH:5
BRDA:3,0,0,0
BRDA:3,0,1,1
BRDA:7,1,0,0
BRDA:7,1,1,1
BRDA:7,2,0,1
BRDA:7,2,1,1
BRF:6
BRH:4
end_of_record
TN:
SF:src/styles/index.ts
FN:3,tenonStylesTransform
FN:6,(anonymous_1)
FN:9,(anonymous_2)
FNF:3
FNH:3
FNDA:1,tenonStylesTransform
FNDA:1,(anonymous_1)
FNDA:1,(anonymous_2)
DA:4,1
DA:5,1
DA:6,1
DA:7,1
DA:8,1
DA:9,1
DA:10,1
DA:11,1
DA:12,1
DA:13,1
DA:14,0
DA:16,1
DA:20,1
DA:21,1
DA:22,1
DA:24,1
LF:16
LH:15
BRDA:13,0,0,0
BRDA:13,0,1,1
BRF:2
BRH:1
end_of_record
TN:
SF:src/template/generate.ts
FN:9,genProps
FN:52,gen
FN:68,genChildren
FN:71,(anonymous_3)
FN:78,generate
FN:87,genereateInterpolation
FNF:6
FNH:5
FNDA:2,genProps
FNDA:9,gen
FNDA:4,genChildren
FNDA:9,(anonymous_3)
FNDA:4,generate
FNDA:0,genereateInterpolation
DA:11,2
DA:12,2
DA:13,8
DA:15,8
DA:16,1
DA:18,1
DA:19,1
DA:21,0
DA:22,0
DA:24,7
DA:25,7
DA:27,1
DA:28,1
DA:31,1
DA:33,2
DA:34,2
DA:36,1
DA:37,1
DA:39,3
DA:43,2
DA:53,9
DA:55,3
DA:56,6
DA:58,0
DA:59,6
DA:60,0
DA:62,6
DA:63,6
DA:69,4
DA:70,4
DA:71,9
DA:72,3
DA:74,1
DA:79,4
DA:80,4
DA:81,4
DA:84,4
DA:88,0
DA:89,0
DA:92,1
LF:40
LH:34
BRDA:15,0,0,1
BRDA:15,0,1,7
BRDA:17,1,0,1
BRDA:17,1,1,0
BRDA:18,2,0,0
BRDA:18,2,1,1
BRDA:18,3,0,1
BRDA:18,3,1,1
BRDA:21,4,0,0
BRDA:21,4,1,0
BRDA:21,5,0,0
BRDA:21,5,1,0
BRDA:24,6,0,7
BRDA:24,6,1,0
BRDA:26,7,0,1
BRDA:26,7,1,2
BRDA:26,7,2,1
BRDA:26,7,3,3
BRDA:28,8,0,0
BRDA:28,8,1,1
BRDA:28,9,0,1
BRDA:28,9,1,1
BRDA:29,10,0,0
BRDA:29,10,1,1
BRDA:30,11,0,0
BRDA:30,11,1,1
BRDA:30,12,0,1
BRDA:30,12,1,1
BRDA:33,13,0,0
BRDA:33,13,1,2
BRDA:33,14,0,2
BRDA:33,14,1,2
BRDA:33,15,0,0
BRDA:33,15,1,2
BRDA:33,16,0,2
BRDA:33,16,1,2
BRDA:39,17,0,0
BRDA:39,17,1,3
BRDA:39,18,0,3
BRDA:39,18,1,3
BRDA:53,19,0,3
BRDA:53,19,1,6
BRDA:56,20,0,0
BRDA:56,20,1,6
BRDA:59,21,0,0
BRDA:59,21,1,6
BRDA:70,22,0,3
BRDA:70,22,1,1
BRDA:70,23,0,4
BRDA:70,23,1,4
BRDA:81,24,0,2
BRDA:81,24,1,2
BRDA:82,25,0,3
BRDA:82,25,1,1
BRF:54
BRH:39
end_of_record
TN:
SF:src/template/index.ts
FN:5,tenonTemplateTransform
FNF:1
FNH:1
FNDA:1,tenonTemplateTransform
DA:2,1
DA:3,1
DA:6,1
DA:7,0
DA:9,1
DA:10,1
DA:11,1
DA:14,1
LF:8
LH:7
BRDA:6,0,0,0
BRDA:6,0,1,1
BRDA:9,1,0,0
BRDA:9,1,1,1
BRDA:9,2,0,1
BRDA:9,2,1,1
BRF:6
BRH:4
end_of_record
TN:
SF:src/template/translate.ts
FN:30,translate
FN:57,(anonymous_1)
FNF:2
FNH:2
FNDA:10,translate
FNDA:9,(anonymous_1)
DA:11,1
DA:31,10
DA:33,10
DA:35,4
DA:36,2
DA:38,4
DA:39,8
DA:42,8
DA:43,6
DA:44,6
DA:45,1
DA:47,1
DA:48,1
DA:50,1
DA:56,4
DA:57,4
DA:58,9
DA:62,10
DA:65,1
LF:19
LH:19
BRDA:33,0,0,4
BRDA:33,0,1,6
BRDA:35,1,0,2
BRDA:35,1,1,2
BRDA:42,2,0,6
BRDA:42,2,1,2
BRDA:42,3,0,8
BRDA:42,3,1,7
BRDA:42,3,2,6
BRDA:44,4,0,1
BRDA:44,4,1,5
BRDA:47,5,0,1
BRDA:47,5,1,0
BRDA:47,6,0,1
BRDA:47,6,1,1
BRDA:49,7,0,1
BRDA:49,7,1,0
BRDA:49,8,0,0
BRDA:49,8,1,1
BRDA:49,9,0,1
BRDA:49,9,1,1
BRDA:56,10,0,4
BRDA:56,10,1,0
BRF:23
BRH:19
end_of_record
